1663236159324:adddummy
1663236163756:addDummy
1663236372839:reg-dummy
1663236938108:reg-custom-intern
1663236986697:reg-custom-intern Peter 1965-08-15 peter@parker.com Queens 10000
1663237106273:reg-custom-intern
1663237142703:reg-custom-intern paco 1589-48-80 paco@paco.com calleDePaco 23000.00
1663239563055:reg-dummy
1663239634061:show-emp
1663239689484:reg-custom-emp manolo 1568-15-23 mano@lo.ca 13ruePercebe
1663239693058:show-emp
1663239734342:reg-custom-emp
1663239758496:reg-custom-emp manolo 1568-48-78 mano@lo.ca 13ruePercebe
1663239760878:show.emp
1663239763658:show-emp
1663239770841:reg-dummy
1663239774166:show-emp
1663239832419:reg-dummy
1663239836178:show-emp
1663239861035:reg-ummy
1663239864995:reg-dummy
1663239868925:show-emp
1663242067468:reg-dummy
1663242084148:show-emp
1663242094045:remove-emp 84f277f8-8d94-476c-9b3a-c067cb76373a
1663242097414:show-emp
1663242182618:reg-dummy
1663242186691:show.emp
1663242191709:show-emp
1663242205372:remove-emp 646a1336-3074-4db0-b9a0-257cd2874e34
1663242222562:show.emp
1663242226285:show-emp
1663260352475:help
1663260819088:reg-dummy
1663260824944:show-emp
1663260874419:exit
1663261025809:reg-dummy
1663261029074:show.emp
1663261032592:show-emp
1663261063670:remove-emp 34119661-1d96-4706-8f7d-9270ceeea042
1663261072211:show-emp
1663261498174:reg-dummy
1663261502018:show-emp
1663261512398:remove-emp d8f1f45c-dd14-4152-bccd-61fd434bd605
1663261522073:stacktrace
1663261583834:show-emp
1663261788687:reg-emp
1663261800947:clear
1663261803885:reg-dummy
1663261807896:sow-emp
1663261811293:show-emp
1663261822175:remove-emp 64529798-5cc7-42b8-9a0c-9fafa6159aea
1663261833841:show-emp
1663261860281:reg-dummy
1663261864346:show-emp
1663261873814:remove-emp 3b4d76b0-d994-4154-99cc-8b40c9e758ee
1663261880245:show-emp
1663261890098:show-intern
1663261893949:show-interns
1663261904014:remove-intern 4ce05dda-76e1-4163-a3bf-2ae0f9955dc4
1663261907808:show-interns
1663262157857:reg-dummy
1663262161257:show-emp
1663262166006:remove-emp 0dac5214-a2b5-4349-8530-86e7ad207d05
1663262174282:show-emp
1663262256497:reg-dummy
1663262261410:show-emp
1663262270971:remove-emp e3a19c45-a167-43bc-9120-56818927c041
1663262279322:show-emp
1663262383069:reg-dummy
1663262387170:show-emp
1663262395257:remove-emp
1663262400162:remove-emp f3acd867-a5df-41ef-aada-b95a52587fc8
1663262405769:show-emp
1663262469648:reg-dummy
1663262472769:show-emp
1663262483270:remove-emp 2376da1b-f32f-4ea0-8526-4f529a97d8d7
1663262605033:reg-dummy
1663262607288:show-emp
1663262617158:remove-emp a51c9173-9dd4-487e-9ae6-d516e68d2f76
1663262621573:show-emp
1663263501228:reg-dummy
1663263504934:show-emp
1663263514928:remove-emp 6cf83521-57af-4438-846a-eb6d170e20da
1663263519114:show-emp
